Log file open, 01/12/25 22:51:08
LogTrace: Initializing trace...
LogTrace: Finished trace initialization.
LogInit: Session CrashGUID >====================================================
         Session CrashGUID >   UECC-Windows-586A86EF4F307FC5832C4BBA511F8750
         Session CrashGUID >====================================================
LogConfig: No local boot hotfix file found at: [C:/Users/segan/Documents/GitHub/GhostTrap/GhostTrap/Saved/PersistentDownloadDir/HotfixForNextBoot.txt]
LogPluginManager: Mounting Engine plugin PlatformCrypto
LogInit: ExecutableName: UnrealPak.exe
LogInit: Build: ++UE5+Release-5.5-CL-38445549
LogInit: Platform=WindowsEditor
LogInit: MachineId=a48d6bd04a223eaca2862ab94bd0439b
LogInit: DeviceId=
LogInit: Engine Version: 5.5.1-38445549+++UE5+Release-5.5
LogInit: Compatible Engine Version: 5.5.0-37670630+++UE5+Release-5.5
LogInit: Net CL: 37670630
LogInit: OS: Windows 10 (22H2) [10.0.19045.5247] (), CPU: Intel(R) Core(TM) i9-10900K CPU @ 3.70GHz, GPU: NVIDIA GeForce RTX 3070 Ti
LogInit: Compiled (64-bit): Nov 28 2024 01:10:43
LogInit: Architecture: x64
LogInit: Compiled with Visual C++: 19.38.33130.00
LogInit: Build Configuration: Development
LogInit: Branch Name: ++UE5+Release-5.5
LogInit: Command Line: -CreateGlobalContainer=C:\Users\segan\Documents\GitHub\GhostTrap\GhostTrap\Saved\StagedBuilds\Windows\GhostTrap\Content\Paks\global.utoc -PackageStoreManifest=C:\Users\segan\Documents\GitHub\GhostTrap\GhostTrap\Saved\Cooked\Windows\GhostTrap\Metadata\packagestore.manifest -CookedDirectory=C:\Users\segan\Documents\GitHub\GhostTrap\GhostTrap\Saved\Cooked\Windows -Commands="C:\Users\segan\AppData\Roaming\Unreal Engine\AutomationTool\Logs\I+UE_5.5\IoStoreCommands.txt" -ScriptObjects=C:\Users\segan\Documents\GitHub\GhostTrap\GhostTrap\Saved\Cooked\Windows\GhostTrap\Metadata\scriptobjects.bin -patchpaddingalign=2048 -compressionformats=Oodle -compresslevel=4 -compressmethod=Kraken -cryptokeys=C:\Users\segan\Documents\GitHub\GhostTrap\GhostTrap\Saved\Cooked\Windows\GhostTrap\Metadata\Crypto.json -compressionMinBytesSaved=1024 -compressionMinPercentSaved=5 -WriteBackMetadataToAssetRegistry=Disabled -nopak
LogInit: Base Directory: I:/UE_5.5/Engine/Binaries/Win64/
LogInit: Allocator: Mimalloc
LogInit: Installed Engine Build: 1
LogInit: This binary is optimized with LTO: no, PGO: no, instrumented for PGO data collection: no
LogDevObjectVersion: Number of dev versions registered: 35
LogDevObjectVersion:   Dev-Blueprints (B0D832E4-1F89-4F0D-ACCF-7EB736FD4AA2): 10
LogDevObjectVersion:   Dev-Build (E1C64328-A22C-4D53-A36C-8E866417BD8C): 0
LogDevObjectVersion:   Dev-Core (375EC13C-06E4-48FB-B500-84F0262A717E): 4
LogDevObjectVersion:   Dev-Editor (E4B068ED-F494-42E9-A231-DA0B2E46BB41): 40
LogDevObjectVersion:   Dev-Framework (CFFC743F-43B0-4480-9391-14DF171D2073): 37
LogDevObjectVersion:   Dev-Mobile (B02B49B5-BB20-44E9-A304-32B752E40360): 3
LogDevObjectVersion:   Dev-Networking (A4E4105C-59A1-49B5-A7C5-40C4547EDFEE): 0
LogDevObjectVersion:   Dev-Online (39C831C9-5AE6-47DC-9A44-9C173E1C8E7C): 0
LogDevObjectVersion:   Dev-Physics (78F01B33-EBEA-4F98-B9B4-84EACCB95AA2): 20
LogDevObjectVersion:   Dev-Platform (6631380F-2D4D-43E0-8009-CF276956A95A): 0
LogDevObjectVersion:   Dev-Rendering (12F88B9F-8875-4AFC-A67C-D90C383ABD29): 49
LogDevObjectVersion:   Dev-Sequencer (7B5AE74C-D270-4C10-A958-57980B212A5A): 13
LogDevObjectVersion:   Dev-VR (D7296918-1DD6-4BDD-9DE2-64A83CC13884): 3
LogDevObjectVersion:   Dev-LoadTimes (C2A15278-BFE7-4AFE-6C17-90FF531DF755): 1
LogDevObjectVersion:   Private-Geometry (6EACA3D4-40EC-4CC1-B786-8BED09428FC5): 3
LogDevObjectVersion:   Dev-AnimPhys (29E575DD-E0A3-4627-9D10-D276232CDCEA): 17
LogDevObjectVersion:   Dev-Anim (AF43A65D-7FD3-4947-9873-3E8ED9C1BB05): 15
LogDevObjectVersion:   Dev-ReflectionCapture (6B266CEC-1EC7-4B8F-A30B-E4D90942FC07): 1
LogDevObjectVersion:   Dev-Automation (0DF73D61-A23F-47EA-B727-89E90C41499A): 1
LogDevObjectVersion:   FortniteMain (601D1886-AC64-4F84-AA16-D3DE0DEAC7D6): 170
LogDevObjectVersion:   FortniteValkyrie (8DBC2C5B-54A7-43E0-A768-FCBB7DA29060): 8
LogDevObjectVersion:   FortniteSeason (5B4C06B7-2463-4AF8-805B-BF70CDF5D0DD): 13
LogDevObjectVersion:   FortniteRelease (E7086368-6B23-4C58-8439-1B7016265E91): 15
LogDevObjectVersion:   Dev-Enterprise (9DFFBCD6-494F-0158-E221-12823C92A888): 10
LogDevObjectVersion:   Dev-Niagara (F2AED0AC-9AFE-416F-8664-AA7FFA26D6FC): 1
LogDevObjectVersion:   Dev-Destruction (174F1F0B-B4C6-45A5-B13F-2EE8D0FB917D): 10
LogDevObjectVersion:   Dev-Physics-Ext (35F94A83-E258-406C-A318-09F59610247C): 41
LogDevObjectVersion:   Dev-PhysicsMaterial-Chaos (B68FC16E-8B1B-42E2-B453-215C058844FE): 1
LogDevObjectVersion:   Dev-CineCamera (B2E18506-4273-CFC2-A54E-F4BB758BBA07): 1
LogDevObjectVersion:   Dev-VirtualProduction (64F58936-FD1B-42BA-BA96-7289D5D0FA4E): 1
LogDevObjectVersion:   UE5-Main (697DD581-E64F-41AB-AA4A-51ECBEB7B628): 119
LogDevObjectVersion:   UE5-Release (D89B5E42-24BD-4D46-8412-ACA8DF641779): 51
LogDevObjectVersion:   UE5-PrivateFrosty (59DA5D52-1232-4948-B878-597870B8E98B): 8
LogDevObjectVersion:   Dev-MediaFramework (6F0ED827-A609-4895-9C91-998D90180EA4): 2
LogDevObjectVersion:   Dev-NaniteResearch (30D58BE3-95EA-4282-A6E3-B159D8EBB06A): 1
LogConfig: Branch 'PlatformCrypto' had been unloaded. Reloading on-demand took 0.25ms
LogInit: Presizing for max 100000 objects, including 0 objects not considered by GC.
LogStreaming: Display: AsyncLoading2 - Created: Event Driven Loader: false, Async Loading Thread: false, Async Post Load: false
LogStreaming: Display: AsyncLoading2 - Initialized
LogInit: Object subsystem initialized
LogConfig: Applying CVar settings from Section [Startup] File [../../../Engine/Config/ConsoleVariables.ini]
LogConfig: CVar [[r.DumpShaderDebugInfo:2]] deferred - dummy variable created
LogConfig: CVar [[p.chaos.AllowCreatePhysxBodies:1]] deferred - dummy variable created
LogConfig: CVar [[fx.SkipVectorVMBackendOptimizations:1]] deferred - dummy variable created
LogConfig: CVar [[ds.CADTranslator.Meshing.ActivateThinZoneMeshing:0]] deferred - dummy variable created
LogConfig: CVar [[ds.CADTranslator.Stitching.RemoveThinFaces:0]] deferred - dummy variable created
LogConfig: Applying CVar settings from Section [Startup_Windows] File [../../../Engine/Config/ConsoleVariables.ini]
LogConfig: Applying CVar settings from Section [ConsoleVariables] File [Engine]
LogConfig: Set CVar [[memory.MemoryPressureCriticalThresholdMB:512]]
[2025.01.13-05.51.08:888][  0]LogInit: Computer: DESKTOP-UBILLEA
[2025.01.13-05.51.08:888][  0]LogInit: User: segan
[2025.01.13-05.51.08:888][  0]LogInit: CPU Page size=4096, Cores=10
[2025.01.13-05.51.08:888][  0]LogInit: High frequency timer resolution =10.000000 MHz
[2025.01.13-05.51.09:013][  0]LogMemory: Process is running as part of a Windows Job with separate resource limits
[2025.01.13-05.51.09:013][  0]LogMemory: Memory total: Physical=63.9GB (64GB approx) Virtual=73.4GB
[2025.01.13-05.51.09:013][  0]LogMemory: Platform Memory Stats for WindowsEditor
[2025.01.13-05.51.09:013][  0]LogMemory: Process Physical Memory: 66.85 MB used, 67.46 MB peak
[2025.01.13-05.51.09:013][  0]LogMemory: Process Virtual Memory: 148.98 MB used, 148.98 MB peak
[2025.01.13-05.51.09:013][  0]LogMemory: Physical Memory: 28284.82 MB used,  37173.19 MB free, 65458.01 MB total
[2025.01.13-05.51.09:013][  0]LogMemory: Virtual Memory: 41920.71 MB used,  33265.30 MB free, 75186.02 MB total
[2025.01.13-05.51.09:016][  0]LogAssetRegistry: FAssetRegistry took 0.0001 seconds to start up
[2025.01.13-05.51.09:017][  0]LogUObjectArray: 438 objects as part of root set at end of initial load.
[2025.01.13-05.51.09:017][  0]LogUObjectArray: CloseDisregardForGC: 0/0 objects in disregard for GC pool
[2025.01.13-05.51.09:017][  0]LogStreaming: Display: AsyncLoading2 - NotifyRegistrationComplete: Registered 428 public script object entries (15.03 KB)
[2025.01.13-05.51.09:017][  0]LogStreaming: Display: AsyncLoading2 - Thread Started: false, IsInitialLoad: false
[2025.01.13-05.51.09:017][  0]LogInit: Using OS detected language ().
[2025.01.13-05.51.09:017][  0]LogInit: Using OS detected locale ().
[2025.01.13-05.51.09:018][  0]LogTextLocalizationManager: No localization for '' exists, so 'en' will be used for the language.
[2025.01.13-05.51.09:018][  0]LogTextLocalizationManager: No localization for '' exists, so 'en' will be used for the locale.
[2025.01.13-05.51.09:018][  0]LogInit: Using OS detected language ().
[2025.01.13-05.51.09:018][  0]LogInit: Using OS detected locale ().
[2025.01.13-05.51.09:018][  0]LogTextLocalizationManager: No localization for '' exists, so 'en' will be used for the language.
[2025.01.13-05.51.09:018][  0]LogTextLocalizationManager: No localization for '' exists, so 'en' will be used for the locale.
[2025.01.13-05.51.09:018][  0]LogPakFile: Display: ProjectDir: C:/Users/segan/Documents/GitHub/GhostTrap/GhostTrap/
[2025.01.13-05.51.09:018][  0]LogIoStore: Display: ==================== IoStore Utils ====================
[2025.01.13-05.51.09:018][  0]LogIoStore: Display: Parsing crypto keys from a crypto key cache file 'C:\Users\segan\Documents\GitHub\GhostTrap\GhostTrap\Saved\Cooked\Windows\GhostTrap\Metadata\Crypto.json'
[2025.01.13-05.51.09:018][  0]LogIoStore: Display: Container signing - DISABLED
[2025.01.13-05.51.09:018][  0]LogIoStore: Display: Directory index - ENABLED
[2025.01.13-05.51.09:018][  0]LogIoStore: Display: Using compression format 'Oodle'
[2025.01.13-05.51.09:018][  0]LogIoStore: Display: Using memory mapping alignment '16384'
[2025.01.13-05.51.09:018][  0]LogIoStore: Display: Using compression block size '65536'
[2025.01.13-05.51.09:018][  0]LogIoStore: Display: Using compression block alignment '2048'
[2025.01.13-05.51.09:018][  0]LogIoStore: Display: Using compression min bytes saved '1024'
[2025.01.13-05.51.09:018][  0]LogIoStore: Display: Using compression min percent saved '5'
[2025.01.13-05.51.09:018][  0]LogIoStore: Display: Using max partition size '0'
[2025.01.13-05.51.09:018][  0]LogIoStore: Display: Not using DDC for compression
[2025.01.13-05.51.09:018][  0]LogIoStore: Display: Using command list file: 'C:\Users\segan\AppData\Roaming\Unreal Engine\AutomationTool\Logs\I+UE_5.5\IoStoreCommands.txt'
[2025.01.13-05.51.09:021][  0]LogIoStore: Display: Selected Oodle level 4 (Normal) from command line for shaders
[2025.01.13-05.51.09:021][  0]LogIoStore: Display: Fetched 608 oplog items from Manifest in 0.00 seconds
[2025.01.13-05.51.09:022][  0]LogIoStore: Display: Parsed 608 oplog items 0.00 seconds, 784 chunks
[2025.01.13-05.51.09:025][  0]LogIoStore: Display: Using input asset registry: C:/Users/segan/Documents/GitHub/GhostTrap/GhostTrap/Saved/Cooked/Windows/GhostTrap/Metadata/DevelopmentAssetRegistry.bin
[2025.01.13-05.51.09:028][  0]LogIoStore: Display: Loaded 189 chunk hashes from AssetRegistry in 0.01 seconds, 189 hashes updated in 0.00 seconds
[2025.01.13-05.51.09:029][  0]LogIoStore: Display: Searching for cooked assets in folder 'C:\Users\segan\Documents\GitHub\GhostTrap\GhostTrap\Saved\Cooked\Windows'
[2025.01.13-05.51.09:042][  0]LogIoStore: Display: Found '1387' files
[2025.01.13-05.51.09:049][  0]LogIoStore: Display: Creating container targets...
[2025.01.13-05.51.09:052][  0]OodleDataCompression: Display: Oodle v2.9.12 format for pak/iostore with method=Kraken, level=4=Normal
[2025.01.13-05.51.09:081][  0]LogIoStore: Display: Parsing packages...
[2025.01.13-05.51.09:081][  0]LogIoStore: Display: Reading package assets...
[2025.01.13-05.51.09:085][  0]LogIoStore: Display: Packages read 595 files in 0.00 seconds, 1,318,336 total bytes, 320,202,080 bytes per second
[2025.01.13-05.51.09:088][  0]LogIoStore: Display: Processing shader libraries, compressing with Oodle Mermaid, level 4 (Normal)
[2025.01.13-05.51.09:090][  0]LogShaderLibrary: Display: Created IoStoreShaderArchive header: shaders grouped in 173 groups (66 of them didn't need new indices), average uncompressed size 68200 bytes, min 490 bytes, max 965040 bytes (r.ShaderCodeLibrary.MaxShaderGroupSize=1048576)
[2025.01.13-05.51.09:110][  0]LogIoStore: Display: GhostTrap-PCD3D_SM5(PCD3D_SM5): Recompressed 993 shaders as 173 groups. Library size changed from 3121 KB (3.69 : 1 ratio) to 1459 KB (7.90 : 1 ratio), 46.75% of previous.
[2025.01.13-05.51.09:118][  0]LogShaderLibrary: Display: Created IoStoreShaderArchive header: shaders grouped in 201 groups (45 of them didn't need new indices), average uncompressed size 126852 bytes, min 2342 bytes, max 965889 bytes (r.ShaderCodeLibrary.MaxShaderGroupSize=1048576)
[2025.01.13-05.51.09:245][  0]LogIoStore: Display: GhostTrap-PCD3D_SM6(PCD3D_SM6): Recompressed 1996 shaders as 201 groups. Library size changed from 18997 KB (1.31 : 1 ratio) to 12768 KB (1.95 : 1 ratio), 67.21% of previous.
[2025.01.13-05.51.09:254][  0]LogShaderLibrary: Display: Created IoStoreShaderArchive header: shaders grouped in 360 groups (135 of them didn't need new indices), average uncompressed size 155766 bytes, min 249 bytes, max 1047981 bytes (r.ShaderCodeLibrary.MaxShaderGroupSize=1048576)
[2025.01.13-05.51.09:320][  0]LogIoStore: Display: Global-PCD3D_SM5(PCD3D_SM5): Recompressed 3915 shaders as 360 groups. Library size changed from 12617 KB (4.34 : 1 ratio) to 5555 KB (9.86 : 1 ratio), 44.03% of previous.
[2025.01.13-05.51.09:350][  0]LogShaderLibrary: Display: Created IoStoreShaderArchive header: shaders grouped in 542 groups (184 of them didn't need new indices), average uncompressed size 211161 bytes, min 1249 bytes, max 1045875 bytes (r.ShaderCodeLibrary.MaxShaderGroupSize=1048576)
[2025.01.13-05.51.10:106][  0]LogIoStore: Display: Global-PCD3D_SM6(PCD3D_SM6): Recompressed 7584 shaders as 542 groups. Library size changed from 85494 KB (1.31 : 1 ratio) to 48073 KB (2.32 : 1 ratio), 56.23% of previous.
[2025.01.13-05.51.10:114][  0]LogIoStore: Display: Shaders processed in 1.03 seconds
[2025.01.13-05.51.10:115][  0]LogIoStore: Display: Initialized WriteRequestManager with MaxConcurrentSourceReads=10 (20 cores), MaxSourceBufferMemory=3072MiB
[2025.01.13-05.51.10:116][  0]LogIoStore: Display: Processing redirects...
[2025.01.13-05.51.10:116][  0]LogIoStore: Display: Creating disk layout...
[2025.01.13-05.51.10:116][  0]LogIoStore: Display: Ordered 595 packages using fallback bundle order
[2025.01.13-05.51.10:129][  0]LogIoStore: Display: Serializing container(s)...
[2025.01.13-05.51.10:798][  0]LogIoStore: Display: Writing and compressing took 0.61 seconds, writes to disk took 0.21 seconds for 292,093,312 bytes @ 1,389,320,829 bytes per second.
[2025.01.13-05.51.10:798][  0]LogIoStore: Display: global: Found perfect hashmap for 1 items.
[2025.01.13-05.51.10:799][  0]LogIoStore: Display: GhostTrap-Windows: Found perfect hashmap for 2063 items.
[2025.01.13-05.51.10:809][  0]LogIoStore: Display: Finalize took 0.0 seconds for 2 writers to write 240,075 bytes, 20,982,458 bytes per second
[2025.01.13-05.51.10:810][  0]LogIoStore: Display: Writing tocs... [Physical: 791 MiB, Virtual: 3504 MiB]
[2025.01.13-05.51.10:810][  0]LogIoStore: Display: 189 / 2,064 hashes were loaded from the hash database, by type:
[2025.01.13-05.51.10:810][  0]LogIoStore: Display:     BulkData                   189
[2025.01.13-05.51.10:810][  0]LogIoStore: Display: 784 / 2,064 chunks attempted to compress, by type:
[2025.01.13-05.51.10:810][  0]LogIoStore: Display:     ExportBundleData           595 / 595
[2025.01.13-05.51.10:810][  0]LogIoStore: Display:     BulkData                   189 / 189
[2025.01.13-05.51.10:810][  0]LogIoStore: Display:     ScriptObjects              0 / 1
[2025.01.13-05.51.10:810][  0]LogIoStore: Display:     ContainerHeader            0 / 1
[2025.01.13-05.51.10:810][  0]LogIoStore: Display:     ShaderCodeLibrary          0 / 4
[2025.01.13-05.51.10:810][  0]LogIoStore: Display:     ShaderCode                 0 / 1,274
[2025.01.13-05.51.10:810][  0]LogIoStore: Display: Source bytes read:
[2025.01.13-05.51.10:810][  0]LogIoStore: Display:     Zen:                                  0
[2025.01.13-05.51.10:810][  0]LogIoStore: Display:     Loose File:                 574,605,561
[2025.01.13-05.51.10:810][  0]LogIoStore: Display:         ExportBundleData        386,240,156 bytes over 1,190 reads
[2025.01.13-05.51.10:810][  0]LogIoStore: Display:         BulkData                188,365,405 bytes over 189 reads
[2025.01.13-05.51.10:810][  0]LogIoStore: Display:     Memory:                     140,143,328
[2025.01.13-05.51.10:810][  0]LogIoStore: Display:         ShaderCodeLibrary         1,178,592 bytes over 8 reads
[2025.01.13-05.51.10:810][  0]LogIoStore: Display:         ShaderCode              138,964,736 bytes over 2,548 reads
[2025.01.13-05.51.10:810][  0]LogIoStore: Display: Calculating stats...
[2025.01.13-05.51.10:810][  0]LogIoStore: Display: 
[2025.01.13-05.51.10:810][  0]LogIoStore: Display: Container Summary
[2025.01.13-05.51.10:810][  0]LogIoStore: Display: ==================
[2025.01.13-05.51.10:810][  0]LogIoStore: Display: 
[2025.01.13-05.51.10:810][  0]LogIoStore: Display: Container                                               Flags      Chunk(s) #       TOC (KiB)       Raw Size (MiB)           Size (MiB)
[2025.01.13-05.51.10:810][  0]LogIoStore: Display: ----------------------------------------------------------------------------------------------------------------------------------------------
[2025.01.13-05.51.10:810][  0]LogIoStore: Display: global                                              -/-/-/-/-               1            0.62                 2.30                 2.30 -
[2025.01.13-05.51.10:810][  0]LogIoStore: Display: GhostTrap-Windows                                   C/-/-/I/-            2063          233.83               433.02               276.27 (36.20% Oodle)
[2025.01.13-05.51.10:810][  0]LogIoStore: Display: ----------------------------------------------------------------------------------------------------------------------------------------------
[2025.01.13-05.51.10:810][  0]LogIoStore: Display: Total                                                                    2064          234.45               435.32               278.56
[2025.01.13-05.51.10:810][  0]LogIoStore: Display: 
[2025.01.13-05.51.10:810][  0]LogIoStore: Display: ** Flags: (C)ompressed / (E)ncrypted / (S)igned) / (I)ndexed) / (O)nDemand **
[2025.01.13-05.51.10:810][  0]LogIoStore: Display: 
[2025.01.13-05.51.10:810][  0]LogIoStore: Display: Compression block padding:     1.50 MiB
[2025.01.13-05.51.10:810][  0]LogIoStore: Display: 
[2025.01.13-05.51.10:810][  0]LogIoStore: Display: Container Directory Index
[2025.01.13-05.51.10:810][  0]LogIoStore: Display: ==========================
[2025.01.13-05.51.10:810][  0]LogIoStore: Display: 
[2025.01.13-05.51.10:810][  0]LogIoStore: Display: Container                                          Size (KiB)
[2025.01.13-05.51.10:810][  0]LogIoStore: Display: ----------------------------------------------------------------------------------------------------------------------------------------------
[2025.01.13-05.51.10:810][  0]LogIoStore: Display: global                                                   0.00
[2025.01.13-05.51.10:810][  0]LogIoStore: Display: GhostTrap-Windows                                       37.87
[2025.01.13-05.51.10:810][  0]LogIoStore: Display: 
[2025.01.13-05.51.10:810][  0]LogIoStore: Display: Container Patch Report
[2025.01.13-05.51.10:810][  0]LogIoStore: Display: ========================
[2025.01.13-05.51.10:810][  0]LogIoStore: Display: 
[2025.01.13-05.51.10:810][  0]LogIoStore: Display: Container                                             Total #       Modified #          Added #   Modified (MiB)      Added (MiB)
[2025.01.13-05.51.10:810][  0]LogIoStore: Display: ----------------------------------------------------------------------------------------------------------------------------------------------
[2025.01.13-05.51.10:810][  0]LogIoStore: Display: global                                                      1                0                0             0.00             0.00
[2025.01.13-05.51.10:810][  0]LogIoStore: Display: GhostTrap-Windows                                        2063                0             2063             0.00           274.77
[2025.01.13-05.51.10:810][  0]LogIoStore: Display: 
[2025.01.13-05.51.10:810][  0]LogIoStore: Display: PackageStore
[2025.01.13-05.51.10:810][  0]LogIoStore: Display: =============
[2025.01.13-05.51.10:810][  0]LogIoStore: Display: 
[2025.01.13-05.51.10:810][  0]LogIoStore: Display: Container                                          Size (KiB)      Packages #     Localized #
[2025.01.13-05.51.10:810][  0]LogIoStore: Display: ----------------------------------------------------------------------------------------------------------------------------------------------
[2025.01.13-05.51.10:810][  0]LogIoStore: Display: GhostTrap-Windows                                          21             595               0
[2025.01.13-05.51.10:810][  0]LogIoStore: Display: ----------------------------------------------------------------------------------------------------------------------------------------------
[2025.01.13-05.51.10:810][  0]LogIoStore: Display: Total                                                      21             595               0
[2025.01.13-05.51.10:810][  0]LogIoStore: Display: 
[2025.01.13-05.51.10:810][  0]LogIoStore: Display: 
[2025.01.13-05.51.10:810][  0]LogIoStore: Display: Input:       595 Packages
[2025.01.13-05.51.10:810][  0]LogIoStore: Display: Input:      0.18 GB UExp
[2025.01.13-05.51.10:810][  0]LogIoStore: Display: Input:      0.00 GB UAsset
[2025.01.13-05.51.10:810][  0]LogIoStore: Display: Input:      0.18 GB UBulk
[2025.01.13-05.51.10:810][  0]LogIoStore: Display: Input:     52.37 MB for 902 Global shaders
[2025.01.13-05.51.10:810][  0]LogIoStore: Display: Input:      1.53 MB for 148 Shared shaders
[2025.01.13-05.51.10:810][  0]LogIoStore: Display: Input:      0.00 MB for 0 Unique shaders
[2025.01.13-05.51.10:812][  0]LogIoStore: Display: Input:     12.36 MB for 224 Inline shaders
[2025.01.13-05.51.10:812][  0]LogIoStore: Display: 
[2025.01.13-05.51.10:812][  0]LogIoStore: Display: Output:     6028 Name map entries
[2025.01.13-05.51.10:812][  0]LogIoStore: Display: Output:      666 Imported package entries
[2025.01.13-05.51.10:812][  0]LogIoStore: Display: Output:      327 Packages without imports
[2025.01.13-05.51.10:812][  0]LogIoStore: Display: Output:        0 Public runtime script objects
[2025.01.13-05.51.10:812][  0]LogIoStore: Display: Output:     0.00 GB HeaderData
[2025.01.13-05.51.10:812][  0]LogIoStore: Display: Output:     2.30 MB InitialLoadData
[2025.01.13-05.51.10:812][  0]LogIoStore: Display: 
[2025.01.13-05.51.10:816][  0]LogPakFile: Display: UnrealPak executed in 1.796986 seconds
[2025.01.13-05.51.10:818][  0]LogCore: Engine exit requested (reason: UnrealPak Exiting)
[2025.01.13-05.51.10:818][  0]LogExit: Preparing to exit.
[2025.01.13-05.51.10:819][  0]LogExit: Object subsystem successfully closed.
[2025.01.13-05.51.10:819][  0]LogPakFile: Destroying PakPlatformFile
[2025.01.13-05.51.10:820][  0]LogExit: Exiting.
[2025.01.13-05.51.10:829][  0]Log file closed, 01/12/25 22:51:10
